<?xml version="1.0" encoding="UTF-8"?>
<!-- Generated by org.testng.reporters.JUnitReportReporter -->
<testsuite hostname="LPCAIQ1132" failures="0" tests="1" name="Cucumber_TestRunner.LoginRunnerPositive" time="9.159" errors="0" timestamp="2023-01-01T14:44:41 EET" skipped="0">
  <testcase classname="Cucumber_TestRunner.LoginRunnerPositive" name="runScenario" time="9.159"/>
  <system-out>
    <![CDATA[The ‘Username’ used for this test run is:>> [Admin]
The ‘Password’ used for this test run is:>> [admin123]]]>
  </system-out>
</testsuite> <!-- Cucumber_TestRunner.LoginRunnerPositive -->
