<?xml version="1.0" encoding="UTF-8"?>
<!-- Generated by org.testng.reporters.JUnitReportReporter -->
<testsuite hostname="LPCAIQ1132" failures="0" tests="2" name="Cucumber_TestRunner.CookiesRunnerAll" time="16.272" errors="0" timestamp="2023-01-01T14:54:44 EET" skipped="0">
  <testcase classname="Cucumber_TestRunner.CookiesRunnerAll" name="runScenario" time="7.205"/>
  <system-out/>
  <testcase classname="Cucumber_TestRunner.CookiesRunnerAll" name="runScenario" time="9.067"/>
  <system-out>
    <![CDATA[The ‘Username’ used for this test run is:>> [Admin]
The ‘Password’ used for this test run is:>> [admin123]]]>
  </system-out>
</testsuite> <!-- Cucumber_TestRunner.CookiesRunnerAll -->
